<?xml version="1.0" encoding="UTF-8"?>
<!-- Generated by org.testng.reporters.JUnitReportReporter -->
<testsuite hostname="DESKTOP-4CK50BN" failures="0" tests="1" name="Luma_TestCases.MyOrder_TestCase" time="17.264" errors="0" timestamp="2024-10-14T21:34:10 IST" skipped="0">
  <testcase classname="Luma_TestCases.MyOrder_TestCase" name="MyOrder_TC" time="17.264"/>
  <system-out/>
</testsuite> <!-- Luma_TestCases.MyOrder_TestCase -->
