<?xml version="1.0" encoding="UTF-8"?>
<!-- Generated by org.testng.reporters.JUnitReportReporter -->
<testsuite hostname="DESKTOP-4CK50BN" failures="0" tests="1" name="Luma_TestCases.MyProductReviews_TestCase" time="18.741" errors="0" timestamp="2024-10-14T21:38:30 IST" skipped="0">
  <testcase classname="Luma_TestCases.MyProductReviews_TestCase" name="MyProductReviews_TC" time="18.741"/>
  <system-out/>
</testsuite> <!-- Luma_TestCases.MyProductReviews_TestCase -->
