<?xml version="1.0" encoding="UTF-8"?>
<!-- Generated by org.testng.reporters.JUnitReportReporter -->
<testsuite hostname="DESKTOP-4CK50BN" failures="0" tests="1" name="Luma_TestCases.Training_TestCases" time="17.885" errors="0" timestamp="2024-10-15T16:15:26 IST" skipped="0">
  <testcase classname="Luma_TestCases.Training_TestCases" name="Training_TC" time="17.885"/>
  <system-out/>
</testsuite> <!-- Luma_TestCases.Training_TestCases -->
