<?xml version="1.0" encoding="UTF-8"?>
<!-- Generated by org.testng.reporters.JUnitReportReporter -->
<testsuite hostname="DESKTOP-4CK50BN" failures="0" tests="1" name="Luma_TestCases.Signin_TestCases" time="54.780" errors="0" timestamp="2024-10-14T15:21:45 IST" skipped="0">
  <testcase classname="Luma_TestCases.Signin_TestCases" name="Signin_TC" time="54.780"/>
  <system-out/>
</testsuite> <!-- Luma_TestCases.Signin_TestCases -->
