<?xml version="1.0" encoding="UTF-8"?>
<!-- Generated by org.testng.reporters.JUnitReportReporter -->
<testsuite hostname="DESKTOP-4CK50BN" failures="0" tests="1" name="Luma_TestCases.CreateAnAccount_TestCases" time="26.910" errors="0" timestamp="2024-10-14T19:09:48 IST" skipped="0">
  <testcase classname="Luma_TestCases.CreateAnAccount_TestCases" name="CreateAnAccount_TC" time="26.910"/>
  <system-out/>
</testsuite> <!-- Luma_TestCases.CreateAnAccount_TestCases -->
