<?xml version="1.0" encoding="UTF-8"?>
<!-- Generated by org.testng.reporters.JUnitReportReporter -->
<testsuite hostname="DESKTOP-4CK50BN" failures="0" tests="1" name="Luma_TestCases.Signout_TestCases" time="15.720" errors="0" timestamp="2024-10-14T19:31:00 IST" skipped="0">
  <testcase classname="Luma_TestCases.Signout_TestCases" name="Signout_TC" time="15.720"/>
  <system-out/>
</testsuite> <!-- Luma_TestCases.Signout_TestCases -->
