<?xml version="1.0" encoding="UTF-8"?>
<!-- Generated by org.testng.reporters.JUnitReportReporter -->
<testsuite hostname="DESKTOP-4CK50BN" failures="0" tests="1" name="Luma_TestCases.MyWishList_TestCase" time="14.975" errors="0" timestamp="2024-10-14T21:49:14 IST" skipped="0">
  <testcase classname="Luma_TestCases.MyWishList_TestCase" name="MyWishList_TC" time="14.975"/>
  <system-out/>
</testsuite> <!-- Luma_TestCases.MyWishList_TestCase -->
