<?xml version="1.0" encoding="UTF-8"?>
<!-- Generated by org.testng.reporters.JUnitReportReporter -->
<testsuite hostname="DESKTOP-4CK50BN" failures="0" tests="1" name="Luma_TestCases.ForgotMyPassword_TestCases" time="57.840" errors="0" timestamp="2024-10-14T19:18:30 IST" skipped="0">
  <testcase classname="Luma_TestCases.ForgotMyPassword_TestCases" name="ForgotMyPassword_TC" time="57.840"/>
  <system-out/>
</testsuite> <!-- Luma_TestCases.ForgotMyPassword_TestCases -->
