<?xml version="1.0" encoding="UTF-8"?>
<!-- Generated by org.testng.reporters.JUnitReportReporter -->
<testsuite hostname="DESKTOP-4CK50BN" failures="0" tests="1" name="Luma_TestCases.MyDownloadableProducts_TestCase" time="15.898" errors="0" timestamp="2024-10-14T21:28:06 IST" skipped="0">
  <testcase classname="Luma_TestCases.MyDownloadableProducts_TestCase" name="MyDownloadableProducts_TC" time="15.898"/>
  <system-out/>
</testsuite> <!-- Luma_TestCases.MyDownloadableProducts_TestCase -->
