<?xml version="1.0" encoding="UTF-8"?>
<!-- Generated by org.testng.reporters.JUnitReportReporter -->
<testsuite hostname="DESKTOP-4CK50BN" failures="0" tests="1" name="Luma_TestCases.AccountInformation_TestCase" time="43.244" errors="0" timestamp="2024-10-14T16:47:10 IST" skipped="0">
  <testcase classname="Luma_TestCases.AccountInformation_TestCase" name="AccountInformation_TC" time="43.244"/>
  <system-out/>
</testsuite> <!-- Luma_TestCases.AccountInformation_TestCase -->
