<?xml version="1.0" encoding="UTF-8"?>
<!-- Generated by org.testng.reporters.JUnitReportReporter -->
<testsuite hostname="DESKTOP-4CK50BN" failures="0" tests="1" name="Luma_TestCases.Gear_TestCases" time="39.522" errors="0" timestamp="2024-10-14T19:22:04 IST" skipped="0">
  <testcase classname="Luma_TestCases.Gear_TestCases" name="Gear_TC" time="39.522"/>
  <system-out/>
</testsuite> <!-- Luma_TestCases.Gear_TestCases -->
