<?xml version="1.0" encoding="UTF-8"?>
<!-- Generated by org.testng.reporters.JUnitReportReporter -->
<testsuite hostname="DESKTOP-4CK50BN" failures="0" tests="1" name="Luma_TestCases.AddressBook_TestCase" time="28.369" errors="0" timestamp="2024-10-14T16:35:08 IST" skipped="0">
  <testcase classname="Luma_TestCases.AddressBook_TestCase" name="AddressBook_TC" time="28.369"/>
  <system-out/>
</testsuite> <!-- Luma_TestCases.AddressBook_TestCase -->
