<?xml version="1.0" encoding="UTF-8"?>
<!-- Generated by org.testng.reporters.JUnitReportReporter -->
<testsuite hostname="DESKTOP-4CK50BN" failures="0" tests="1" name="Luma_TestCases.MyCart_TestCases" time="22.905" errors="0" timestamp="2024-10-14T21:18:16 IST" skipped="0">
  <testcase classname="Luma_TestCases.MyCart_TestCases" name="MyCart_TC" time="22.905"/>
  <system-out/>
</testsuite> <!-- Luma_TestCases.MyCart_TestCases -->
