<?xml version="1.0" encoding="UTF-8"?>
<!-- Generated by org.testng.reporters.JUnitReportReporter -->
<testsuite hostname="DESKTOP-4CK50BN" failures="0" tests="1" name="Luma_TestCases.SizeFilter_TestCase" time="187.590" errors="0" timestamp="2024-10-15T15:50:58 IST" skipped="0">
  <testcase classname="Luma_TestCases.SizeFilter_TestCase" name="SizeFilter_TC" time="187.590"/>
  <system-out/>
</testsuite> <!-- Luma_TestCases.SizeFilter_TestCase -->
