<?xml version="1.0" encoding="UTF-8"?>
<!-- Generated by org.testng.reporters.JUnitReportReporter -->
<testsuite hostname="DESKTOP-4CK50BN" failures="0" tests="1" name="Luma_TestCases.PlaceOrder_TestCases" time="28.299" errors="0" timestamp="2024-10-15T18:10:19 IST" skipped="0">
  <testcase classname="Luma_TestCases.PlaceOrder_TestCases" name="PlaceOrder_TC" time="28.299"/>
  <system-out/>
</testsuite> <!-- Luma_TestCases.PlaceOrder_TestCases -->
