<?xml version="1.0" encoding="UTF-8"?>
<!-- Generated by org.testng.reporters.JUnitReportReporter -->
<testsuite hostname="DESKTOP-4CK50BN" failures="0" tests="1" name="Luma_TestCases.StoredPaymentMethods_TestCase" time="15.819" errors="0" timestamp="2024-10-15T15:57:39 IST" skipped="0">
  <testcase classname="Luma_TestCases.StoredPaymentMethods_TestCase" name="StoredPaymentMethods_TC" time="15.819"/>
  <system-out/>
</testsuite> <!-- Luma_TestCases.StoredPaymentMethods_TestCase -->
