<?xml version="1.0" encoding="UTF-8"?>
<!-- Generated by org.testng.reporters.JUnitReportReporter -->
<testsuite hostname="DESKTOP-4CK50BN" failures="0" tests="1" name="Luma_TestCases.WhatsNew_TestCases" time="67.229" errors="0" timestamp="2024-10-15T16:21:30 IST" skipped="0">
  <testcase classname="Luma_TestCases.WhatsNew_TestCases" name="WhatsNew_TC" time="67.229"/>
  <system-out/>
</testsuite> <!-- Luma_TestCases.WhatsNew_TestCases -->
