<?xml version="1.0" encoding="UTF-8"?>
<!-- Generated by org.testng.reporters.JUnitReportReporter -->
<testsuite hostname="DESKTOP-4CK50BN" failures="0" tests="1" name="Luma_TestCases.Women_TestCases" time="45.351" errors="0" timestamp="2024-10-15T16:40:02 IST" skipped="0">
  <testcase classname="Luma_TestCases.Women_TestCases" name="Women_TC" time="45.351"/>
  <system-out/>
</testsuite> <!-- Luma_TestCases.Women_TestCases -->
