<?xml version="1.0" encoding="UTF-8"?>
<!-- Generated by org.testng.reporters.JUnitReportReporter -->
<testsuite hostname="DESKTOP-4CK50BN" failures="0" tests="1" name="Luma_TestCases.AddWishList_testCase" time="25.248" errors="0" timestamp="2024-10-14T17:17:13 IST" skipped="0">
  <testcase classname="Luma_TestCases.AddWishList_testCase" name="AddWishList_TC" time="25.248"/>
  <system-out/>
</testsuite> <!-- Luma_TestCases.AddWishList_testCase -->
