<?xml version="1.0" encoding="UTF-8"?>
<!-- Generated by org.testng.reporters.JUnitReportReporter -->
<testsuite hostname="DESKTOP-4CK50BN" failures="0" tests="1" name="Luma_TestCases.Search_TestCases" time="41.475" errors="0" timestamp="2024-10-15T15:34:33 IST" skipped="0">
  <testcase classname="Luma_TestCases.Search_TestCases" name="Search_TC" time="41.475"/>
  <system-out/>
</testsuite> <!-- Luma_TestCases.Search_TestCases -->
