<?xml version="1.0" encoding="UTF-8"?>
<!-- Generated by org.testng.reporters.JUnitReportReporter -->
<testsuite hostname="DESKTOP-4CK50BN" failures="0" tests="1" name="Luma_TestCases.StyleFilter_TestCases" time="368.947" errors="0" timestamp="2024-10-15T16:09:31 IST" skipped="0">
  <testcase classname="Luma_TestCases.StyleFilter_TestCases" name="StyleFilter_TC" time="368.947"/>
  <system-out/>
</testsuite> <!-- Luma_TestCases.StyleFilter_TestCases -->
