<?xml version="1.0" encoding="UTF-8"?>
<!-- Generated by org.testng.reporters.JUnitReportReporter -->
<testsuite hostname="DESKTOP-4CK50BN" failures="0" tests="1" name="Luma_TestCases.CategoryFilter_TestCase" time="118.472" errors="0" timestamp="2024-10-15T18:25:28 IST" skipped="0">
  <testcase classname="Luma_TestCases.CategoryFilter_TestCase" name="CategoryFilter_TC" time="118.472"/>
  <system-out/>
</testsuite> <!-- Luma_TestCases.CategoryFilter_TestCase -->
