<?xml version="1.0" encoding="UTF-8"?>
<!-- Generated by org.testng.reporters.JUnitReportReporter -->
<testsuite hostname="DESKTOP-4CK50BN" failures="0" tests="1" name="Luma_TestCases.Sale_TestCases" time="72.832" errors="0" timestamp="2024-10-15T15:30:43 IST" skipped="0">
  <testcase classname="Luma_TestCases.Sale_TestCases" name="Sale_TC" time="72.832"/>
  <system-out/>
</testsuite> <!-- Luma_TestCases.Sale_TestCases -->
