<?xml version="1.0" encoding="UTF-8"?>
<!-- Generated by org.testng.reporters.JUnitReportReporter -->
<testsuite hostname="DESKTOP-4CK50BN" failures="0" tests="1" name="Luma_TestCases.Men_TestCases" time="54.847" errors="0" timestamp="2024-10-14T19:25:17 IST" skipped="0">
  <testcase classname="Luma_TestCases.Men_TestCases" name="Men_TC" time="54.847"/>
  <system-out/>
</testsuite> <!-- Luma_TestCases.Men_TestCases -->
