<?xml version="1.0" encoding="UTF-8"?>
<!-- Generated by org.testng.reporters.JUnitReportReporter -->
<testsuite hostname="DESKTOP-4CK50BN" failures="0" tests="1" name="Luma_TestCases.MyAccount_TestCase" time="15.118" errors="0" timestamp="2024-10-14T19:28:30 IST" skipped="0">
  <testcase classname="Luma_TestCases.MyAccount_TestCase" name="MyAccount_TC" time="15.118"/>
  <system-out/>
</testsuite> <!-- Luma_TestCases.MyAccount_TestCase -->
